The system is: Linux - 4.9.34-wreathe - x86_64
Compiling the C compiler identification source file "CMakeCCompilerId.c" succeeded.
Compiler: /usr/bin/cc 
Build flags: 
Id flags:  

The output was:
0


Compilation of the C compiler identification source "CMakeCCompilerId.c" produced "a.out"

The C compiler identification is GNU, found in "/home/kyan/Ember Library/Ember satellite projects/wreathe-file-manager/cmake-2017jan12/CMakeFiles/3.8.2/CompilerIdC/a.out"

Compiling the CXX compiler identification source file "CMakeCXXCompilerId.cpp" succeeded.
Compiler: /usr/bin/c++ 
Build flags: 
Id flags:  

The output was:
0


Compilation of the CXX compiler identification source "CMakeCXXCompilerId.cpp" produced "a.out"

The CXX compiler identification is GNU, found in "/home/kyan/Ember Library/Ember satellite projects/wreathe-file-manager/cmake-2017jan12/CMakeFiles/3.8.2/CompilerIdCXX/a.out"

Determining if the C compiler works passed with the following output:
Change Dir: /home/kyan/Ember Library/Ember satellite projects/wreathe-file-manager/cmake-2017jan12/CMakeFiles/CMakeTmp

Run Build Command:"/usr/bin/gmake" "cmTC_cbf5f/fast"
/usr/bin/gmake -f CMakeFiles/cmTC_cbf5f.dir/build.make CMakeFiles/cmTC_cbf5f.dir/build
gmake[1]: Entering directory '/library/Ember satellite projects/wreathe-file-manager/cmake-2017jan12/CMakeFiles/CMakeTmp'
Building C object CMakeFiles/cmTC_cbf5f.dir/testCCompiler.c.o
/usr/bin/cc    -o CMakeFiles/cmTC_cbf5f.dir/testCCompiler.c.o   -c "/home/kyan/Ember Library/Ember satellite projects/wreathe-file-manager/cmake-2017jan12/CMakeFiles/CMakeTmp/testCCompiler.c"
Linking C executable cmTC_cbf5f
/usr/bin/cmake -E cmake_link_script CMakeFiles/cmTC_cbf5f.dir/link.txt --verbose=1
/usr/bin/cc      -rdynamic CMakeFiles/cmTC_cbf5f.dir/testCCompiler.c.o  -o cmTC_cbf5f 
gmake[1]: Leaving directory '/library/Ember satellite projects/wreathe-file-manager/cmake-2017jan12/CMakeFiles/CMakeTmp'


Detecting C compiler ABI info compiled with the following output:
Change Dir: /home/kyan/Ember Library/Ember satellite projects/wreathe-file-manager/cmake-2017jan12/CMakeFiles/CMakeTmp

Run Build Command:"/usr/bin/gmake" "cmTC_22a23/fast"
/usr/bin/gmake -f CMakeFiles/cmTC_22a23.dir/build.make CMakeFiles/cmTC_22a23.dir/build
gmake[1]: Entering directory '/library/Ember satellite projects/wreathe-file-manager/cmake-2017jan12/CMakeFiles/CMakeTmp'
Building C object CMakeFiles/cmTC_22a23.dir/CMakeCCompilerABI.c.o
/usr/bin/cc    -o CMakeFiles/cmTC_22a23.dir/CMakeCCompilerABI.c.o   -c /usr/share/cmake/Modules/CMakeCCompilerABI.c
Linking C executable cmTC_22a23
/usr/bin/cmake -E cmake_link_script CMakeFiles/cmTC_22a23.dir/link.txt --verbose=1
/usr/bin/cc     -v -rdynamic CMakeFiles/cmTC_22a23.dir/CMakeCCompilerABI.c.o  -o cmTC_22a23 
Using built-in specs.
COLLECT_GCC=/usr/x86_64-pc-linux-gnu/gcc-bin/4.9.4/gcc
COLLECT_LTO_WRAPPER=/usr/libexec/gcc/x86_64-pc-linux-gnu/4.9.4/lto-wrapper
Target: x86_64-pc-linux-gnu
Configured with: /var/tmp/portage/sys-devel/gcc-4.9.4/work/gcc-4.9.4/configure --host=x86_64-pc-linux-gnu --build=x86_64-pc-linux-gnu --prefix=/usr --bindir=/usr/x86_64-pc-linux-gnu/gcc-bin/4.9.4 --includedir=/usr/lib/gcc/x86_64-pc-linux-gnu/4.9.4/include --datadir=/usr/share/gcc-data/x86_64-pc-linux-gnu/4.9.4 --mandir=/usr/share/gcc-data/x86_64-pc-linux-gnu/4.9.4/man --infodir=/usr/share/gcc-data/x86_64-pc-linux-gnu/4.9.4/info --with-gxx-include-dir=/usr/lib/gcc/x86_64-pc-linux-gnu/4.9.4/include/g++-v4 --with-python-dir=/share/gcc-data/x86_64-pc-linux-gnu/4.9.4/python --enable-objc-gc --enable-languages=c,c++,java,go,objc,obj-c++,fortran --enable-obsolete --enable-secureplt --disable-werror --with-system-zlib --enable-nls --without-included-gettext --enable-checking=release --with-bugurl=https://bugs.gentoo.org/ --with-pkgversion='Gentoo 4.9.4 p1.0, pie-0.6.4' --enable-libstdcxx-time --enable-shared --enable-threads=posix --enable-__cxa_atexit --enable-clocale=gnu --enable-multilib --with-multilib-list=m32,m64 --disable-altivec --disable-fixed-point --enable-targets=all --enable-libgomp --disable-libmudflap --disable-libssp --enable-libcilkrts --enable-vtable-verify --enable-libvtv --enable-lto --with-cloog --disable-isl-version-check --enable-libsanitizer
Thread model: posix
gcc version 4.9.4 (Gentoo 4.9.4 p1.0, pie-0.6.4) 
COMPILER_PATH=/usr/libexec/gcc/x86_64-pc-linux-gnu/4.9.4/:/usr/libexec/gcc/x86_64-pc-linux-gnu/4.9.4/:/usr/libexec/gcc/x86_64-pc-linux-gnu/:/usr/lib/gcc/x86_64-pc-linux-gnu/4.9.4/:/usr/lib/gcc/x86_64-pc-linux-gnu/:/usr/lib/gcc/x86_64-pc-linux-gnu/4.9.4/../../../../x86_64-pc-linux-gnu/bin/
LIBRARY_PATH=/usr/lib/gcc/x86_64-pc-linux-gnu/4.9.4/:/usr/lib/gcc/x86_64-pc-linux-gnu/4.9.4/../../../../lib64/:/lib/../lib64/:/usr/lib/../lib64/:/usr/lib/gcc/x86_64-pc-linux-gnu/4.9.4/../../../../x86_64-pc-linux-gnu/lib/:/usr/lib/gcc/x86_64-pc-linux-gnu/4.9.4/../../../:/lib/:/usr/lib/
COLLECT_GCC_OPTIONS='-v' '-rdynamic' '-o' 'cmTC_22a23' '-mtune=generic' '-march=x86-64'
 /usr/libexec/gcc/x86_64-pc-linux-gnu/4.9.4/collect2 -plugin /usr/libexec/gcc/x86_64-pc-linux-gnu/4.9.4/liblto_plugin.so -plugin-opt=/usr/libexec/gcc/x86_64-pc-linux-gnu/4.9.4/lto-wrapper -plugin-opt=-fresolution=/tmp/ccJ8DBU9.res -plugin-opt=-pass-through=-lgcc -plugin-opt=-pass-through=-lgcc_s -plugin-opt=-pass-through=-lc -plugin-opt=-pass-through=-lgcc -plugin-opt=-pass-through=-lgcc_s --eh-frame-hdr -m elf_x86_64 -export-dynamic -dynamic-linker /lib64/ld-linux-x86-64.so.2 -o cmTC_22a23 /usr/lib/gcc/x86_64-pc-linux-gnu/4.9.4/../../../../lib64/crt1.o /usr/lib/gcc/x86_64-pc-linux-gnu/4.9.4/../../../../lib64/crti.o /usr/lib/gcc/x86_64-pc-linux-gnu/4.9.4/crtbegin.o -L/usr/lib/gcc/x86_64-pc-linux-gnu/4.9.4 -L/usr/lib/gcc/x86_64-pc-linux-gnu/4.9.4/../../../../lib64 -L/lib/../lib64 -L/usr/lib/../lib64 -L/usr/lib/gcc/x86_64-pc-linux-gnu/4.9.4/../../../../x86_64-pc-linux-gnu/lib -L/usr/lib/gcc/x86_64-pc-linux-gnu/4.9.4/../../.. CMakeFiles/cmTC_22a23.dir/CMakeCCompilerABI.c.o -lgcc --as-needed -lgcc_s --no-as-needed -lc -lgcc --as-needed -lgcc_s --no-as-needed /usr/lib/gcc/x86_64-pc-linux-gnu/4.9.4/crtend.o /usr/lib/gcc/x86_64-pc-linux-gnu/4.9.4/../../../../lib64/crtn.o
gmake[1]: Leaving directory '/library/Ember satellite projects/wreathe-file-manager/cmake-2017jan12/CMakeFiles/CMakeTmp'


Parsed C implicit link information from above output:
  link line regex: [^( *|.*[/\])(ld|([^/\]+-)?ld|collect2)[^/\]*( |$)]
  ignore line: [Change Dir: /home/kyan/Ember Library/Ember satellite projects/wreathe-file-manager/cmake-2017jan12/CMakeFiles/CMakeTmp]
  ignore line: []
  ignore line: [Run Build Command:"/usr/bin/gmake" "cmTC_22a23/fast"]
  ignore line: [/usr/bin/gmake -f CMakeFiles/cmTC_22a23.dir/build.make CMakeFiles/cmTC_22a23.dir/build]
  ignore line: [gmake[1]: Entering directory '/library/Ember satellite projects/wreathe-file-manager/cmake-2017jan12/CMakeFiles/CMakeTmp']
  ignore line: [Building C object CMakeFiles/cmTC_22a23.dir/CMakeCCompilerABI.c.o]
  ignore line: [/usr/bin/cc    -o CMakeFiles/cmTC_22a23.dir/CMakeCCompilerABI.c.o   -c /usr/share/cmake/Modules/CMakeCCompilerABI.c]
  ignore line: [Linking C executable cmTC_22a23]
  ignore line: [/usr/bin/cmake -E cmake_link_script CMakeFiles/cmTC_22a23.dir/link.txt --verbose=1]
  ignore line: [/usr/bin/cc     -v -rdynamic CMakeFiles/cmTC_22a23.dir/CMakeCCompilerABI.c.o  -o cmTC_22a23 ]
  ignore line: [Using built-in specs.]
  ignore line: [COLLECT_GCC=/usr/x86_64-pc-linux-gnu/gcc-bin/4.9.4/gcc]
  ignore line: [COLLECT_LTO_WRAPPER=/usr/libexec/gcc/x86_64-pc-linux-gnu/4.9.4/lto-wrapper]
  ignore line: [Target: x86_64-pc-linux-gnu]
  ignore line: [Configured with: /var/tmp/portage/sys-devel/gcc-4.9.4/work/gcc-4.9.4/configure --host=x86_64-pc-linux-gnu --build=x86_64-pc-linux-gnu --prefix=/usr --bindir=/usr/x86_64-pc-linux-gnu/gcc-bin/4.9.4 --includedir=/usr/lib/gcc/x86_64-pc-linux-gnu/4.9.4/include --datadir=/usr/share/gcc-data/x86_64-pc-linux-gnu/4.9.4 --mandir=/usr/share/gcc-data/x86_64-pc-linux-gnu/4.9.4/man --infodir=/usr/share/gcc-data/x86_64-pc-linux-gnu/4.9.4/info --with-gxx-include-dir=/usr/lib/gcc/x86_64-pc-linux-gnu/4.9.4/include/g++-v4 --with-python-dir=/share/gcc-data/x86_64-pc-linux-gnu/4.9.4/python --enable-objc-gc --enable-languages=c,c++,java,go,objc,obj-c++,fortran --enable-obsolete --enable-secureplt --disable-werror --with-system-zlib --enable-nls --without-included-gettext --enable-checking=release --with-bugurl=https://bugs.gentoo.org/ --with-pkgversion='Gentoo 4.9.4 p1.0, pie-0.6.4' --enable-libstdcxx-time --enable-shared --enable-threads=posix --enable-__cxa_atexit --enable-clocale=gnu --enable-multilib --with-multilib-list=m32,m64 --disable-altivec --disable-fixed-point --enable-targets=all --enable-libgomp --disable-libmudflap --disable-libssp --enable-libcilkrts --enable-vtable-verify --enable-libvtv --enable-lto --with-cloog --disable-isl-version-check --enable-libsanitizer]
  ignore line: [Thread model: posix]
  ignore line: [gcc version 4.9.4 (Gentoo 4.9.4 p1.0, pie-0.6.4) ]
  ignore line: [COMPILER_PATH=/usr/libexec/gcc/x86_64-pc-linux-gnu/4.9.4/:/usr/libexec/gcc/x86_64-pc-linux-gnu/4.9.4/:/usr/libexec/gcc/x86_64-pc-linux-gnu/:/usr/lib/gcc/x86_64-pc-linux-gnu/4.9.4/:/usr/lib/gcc/x86_64-pc-linux-gnu/:/usr/lib/gcc/x86_64-pc-linux-gnu/4.9.4/../../../../x86_64-pc-linux-gnu/bin/]
  ignore line: [LIBRARY_PATH=/usr/lib/gcc/x86_64-pc-linux-gnu/4.9.4/:/usr/lib/gcc/x86_64-pc-linux-gnu/4.9.4/../../../../lib64/:/lib/../lib64/:/usr/lib/../lib64/:/usr/lib/gcc/x86_64-pc-linux-gnu/4.9.4/../../../../x86_64-pc-linux-gnu/lib/:/usr/lib/gcc/x86_64-pc-linux-gnu/4.9.4/../../../:/lib/:/usr/lib/]
  ignore line: [COLLECT_GCC_OPTIONS='-v' '-rdynamic' '-o' 'cmTC_22a23' '-mtune=generic' '-march=x86-64']
  link line: [ /usr/libexec/gcc/x86_64-pc-linux-gnu/4.9.4/collect2 -plugin /usr/libexec/gcc/x86_64-pc-linux-gnu/4.9.4/liblto_plugin.so -plugin-opt=/usr/libexec/gcc/x86_64-pc-linux-gnu/4.9.4/lto-wrapper -plugin-opt=-fresolution=/tmp/ccJ8DBU9.res -plugin-opt=-pass-through=-lgcc -plugin-opt=-pass-through=-lgcc_s -plugin-opt=-pass-through=-lc -plugin-opt=-pass-through=-lgcc -plugin-opt=-pass-through=-lgcc_s --eh-frame-hdr -m elf_x86_64 -export-dynamic -dynamic-linker /lib64/ld-linux-x86-64.so.2 -o cmTC_22a23 /usr/lib/gcc/x86_64-pc-linux-gnu/4.9.4/../../../../lib64/crt1.o /usr/lib/gcc/x86_64-pc-linux-gnu/4.9.4/../../../../lib64/crti.o /usr/lib/gcc/x86_64-pc-linux-gnu/4.9.4/crtbegin.o -L/usr/lib/gcc/x86_64-pc-linux-gnu/4.9.4 -L/usr/lib/gcc/x86_64-pc-linux-gnu/4.9.4/../../../../lib64 -L/lib/../lib64 -L/usr/lib/../lib64 -L/usr/lib/gcc/x86_64-pc-linux-gnu/4.9.4/../../../../x86_64-pc-linux-gnu/lib -L/usr/lib/gcc/x86_64-pc-linux-gnu/4.9.4/../../.. CMakeFiles/cmTC_22a23.dir/CMakeCCompilerABI.c.o -lgcc --as-needed -lgcc_s --no-as-needed -lc -lgcc --as-needed -lgcc_s --no-as-needed /usr/lib/gcc/x86_64-pc-linux-gnu/4.9.4/crtend.o /usr/lib/gcc/x86_64-pc-linux-gnu/4.9.4/../../../../lib64/crtn.o]
    arg [/usr/libexec/gcc/x86_64-pc-linux-gnu/4.9.4/collect2] ==> ignore
    arg [-plugin] ==> ignore
    arg [/usr/libexec/gcc/x86_64-pc-linux-gnu/4.9.4/liblto_plugin.so] ==> ignore
    arg [-plugin-opt=/usr/libexec/gcc/x86_64-pc-linux-gnu/4.9.4/lto-wrapper] ==> ignore
    arg [-plugin-opt=-fresolution=/tmp/ccJ8DBU9.res] ==> ignore
    arg [-plugin-opt=-pass-through=-lgcc] ==> ignore
    arg [-plugin-opt=-pass-through=-lgcc_s] ==> ignore
    arg [-plugin-opt=-pass-through=-lc] ==> ignore
    arg [-plugin-opt=-pass-through=-lgcc] ==> ignore
    arg [-plugin-opt=-pass-through=-lgcc_s] ==> ignore
    arg [--eh-frame-hdr] ==> ignore
    arg [-m] ==> ignore
    arg [elf_x86_64] ==> ignore
    arg [-export-dynamic] ==> ignore
    arg [-dynamic-linker] ==> ignore
    arg [/lib64/ld-linux-x86-64.so.2] ==> ignore
    arg [-o] ==> ignore
    arg [cmTC_22a23] ==> ignore
    arg [/usr/lib/gcc/x86_64-pc-linux-gnu/4.9.4/../../../../lib64/crt1.o] ==> ignore
    arg [/usr/lib/gcc/x86_64-pc-linux-gnu/4.9.4/../../../../lib64/crti.o] ==> ignore
    arg [/usr/lib/gcc/x86_64-pc-linux-gnu/4.9.4/crtbegin.o] ==> ignore
    arg [-L/usr/lib/gcc/x86_64-pc-linux-gnu/4.9.4] ==> dir [/usr/lib/gcc/x86_64-pc-linux-gnu/4.9.4]
    arg [-L/usr/lib/gcc/x86_64-pc-linux-gnu/4.9.4/../../../../lib64] ==> dir [/usr/lib/gcc/x86_64-pc-linux-gnu/4.9.4/../../../../lib64]
    arg [-L/lib/../lib64] ==> dir [/lib/../lib64]
    arg [-L/usr/lib/../lib64] ==> dir [/usr/lib/../lib64]
    arg [-L/usr/lib/gcc/x86_64-pc-linux-gnu/4.9.4/../../../../x86_64-pc-linux-gnu/lib] ==> dir [/usr/lib/gcc/x86_64-pc-linux-gnu/4.9.4/../../../../x86_64-pc-linux-gnu/lib]
    arg [-L/usr/lib/gcc/x86_64-pc-linux-gnu/4.9.4/../../..] ==> dir [/usr/lib/gcc/x86_64-pc-linux-gnu/4.9.4/../../..]
    arg [CMakeFiles/cmTC_22a23.dir/CMakeCCompilerABI.c.o] ==> ignore
    arg [-lgcc] ==> lib [gcc]
    arg [--as-needed] ==> ignore
    arg [-lgcc_s] ==> lib [gcc_s]
    arg [--no-as-needed] ==> ignore
    arg [-lc] ==> lib [c]
    arg [-lgcc] ==> lib [gcc]
    arg [--as-needed] ==> ignore
    arg [-lgcc_s] ==> lib [gcc_s]
    arg [--no-as-needed] ==> ignore
    arg [/usr/lib/gcc/x86_64-pc-linux-gnu/4.9.4/crtend.o] ==> ignore
    arg [/usr/lib/gcc/x86_64-pc-linux-gnu/4.9.4/../../../../lib64/crtn.o] ==> ignore
  remove lib [gcc]
  remove lib [gcc_s]
  remove lib [gcc]
  remove lib [gcc_s]
  collapse library dir [/usr/lib/gcc/x86_64-pc-linux-gnu/4.9.4] ==> [/usr/lib/gcc/x86_64-pc-linux-gnu/4.9.4]
  collapse library dir [/usr/lib/gcc/x86_64-pc-linux-gnu/4.9.4/../../../../lib64] ==> [/usr/lib64]
  collapse library dir [/lib/../lib64] ==> [/lib64]
  collapse library dir [/usr/lib/../lib64] ==> [/usr/lib64]
  collapse library dir [/usr/lib/gcc/x86_64-pc-linux-gnu/4.9.4/../../../../x86_64-pc-linux-gnu/lib] ==> [/usr/x86_64-pc-linux-gnu/lib]
  collapse library dir [/usr/lib/gcc/x86_64-pc-linux-gnu/4.9.4/../../..] ==> [/usr/lib]
  implicit libs: [c]
  implicit dirs: [/usr/lib/gcc/x86_64-pc-linux-gnu/4.9.4;/usr/lib64;/lib64;/usr/x86_64-pc-linux-gnu/lib;/usr/lib]
  implicit fwks: []




Detecting C [-std=c11] compiler features compiled with the following output:
Change Dir: /home/kyan/Ember Library/Ember satellite projects/wreathe-file-manager/cmake-2017jan12/CMakeFiles/CMakeTmp

Run Build Command:"/usr/bin/gmake" "cmTC_4cf72/fast"
/usr/bin/gmake -f CMakeFiles/cmTC_4cf72.dir/build.make CMakeFiles/cmTC_4cf72.dir/build
gmake[1]: Entering directory '/library/Ember satellite projects/wreathe-file-manager/cmake-2017jan12/CMakeFiles/CMakeTmp'
Building C object CMakeFiles/cmTC_4cf72.dir/feature_tests.c.o
/usr/bin/cc   -std=c11 -o CMakeFiles/cmTC_4cf72.dir/feature_tests.c.o   -c "/home/kyan/Ember Library/Ember satellite projects/wreathe-file-manager/cmake-2017jan12/CMakeFiles/feature_tests.c"
Linking C executable cmTC_4cf72
/usr/bin/cmake -E cmake_link_script CMakeFiles/cmTC_4cf72.dir/link.txt --verbose=1
/usr/bin/cc      -rdynamic CMakeFiles/cmTC_4cf72.dir/feature_tests.c.o  -o cmTC_4cf72 
gmake[1]: Leaving directory '/library/Ember satellite projects/wreathe-file-manager/cmake-2017jan12/CMakeFiles/CMakeTmp'


    Feature record: C_FEATURE:1c_function_prototypes
    Feature record: C_FEATURE:1c_restrict
    Feature record: C_FEATURE:1c_static_assert
    Feature record: C_FEATURE:1c_variadic_macros


Detecting C [-std=c99] compiler features compiled with the following output:
Change Dir: /home/kyan/Ember Library/Ember satellite projects/wreathe-file-manager/cmake-2017jan12/CMakeFiles/CMakeTmp

Run Build Command:"/usr/bin/gmake" "cmTC_74472/fast"
/usr/bin/gmake -f CMakeFiles/cmTC_74472.dir/build.make CMakeFiles/cmTC_74472.dir/build
gmake[1]: Entering directory '/library/Ember satellite projects/wreathe-file-manager/cmake-2017jan12/CMakeFiles/CMakeTmp'
Building C object CMakeFiles/cmTC_74472.dir/feature_tests.c.o
/usr/bin/cc   -std=c99 -o CMakeFiles/cmTC_74472.dir/feature_tests.c.o   -c "/home/kyan/Ember Library/Ember satellite projects/wreathe-file-manager/cmake-2017jan12/CMakeFiles/feature_tests.c"
Linking C executable cmTC_74472
/usr/bin/cmake -E cmake_link_script CMakeFiles/cmTC_74472.dir/link.txt --verbose=1
/usr/bin/cc      -rdynamic CMakeFiles/cmTC_74472.dir/feature_tests.c.o  -o cmTC_74472 
gmake[1]: Leaving directory '/library/Ember satellite projects/wreathe-file-manager/cmake-2017jan12/CMakeFiles/CMakeTmp'


    Feature record: C_FEATURE:1c_function_prototypes
    Feature record: C_FEATURE:1c_restrict
    Feature record: C_FEATURE:0c_static_assert
    Feature record: C_FEATURE:1c_variadic_macros


Detecting C [-std=c90] compiler features compiled with the following output:
Change Dir: /home/kyan/Ember Library/Ember satellite projects/wreathe-file-manager/cmake-2017jan12/CMakeFiles/CMakeTmp

Run Build Command:"/usr/bin/gmake" "cmTC_15e2c/fast"
/usr/bin/gmake -f CMakeFiles/cmTC_15e2c.dir/build.make CMakeFiles/cmTC_15e2c.dir/build
gmake[1]: Entering directory '/library/Ember satellite projects/wreathe-file-manager/cmake-2017jan12/CMakeFiles/CMakeTmp'
Building C object CMakeFiles/cmTC_15e2c.dir/feature_tests.c.o
/usr/bin/cc   -std=c90 -o CMakeFiles/cmTC_15e2c.dir/feature_tests.c.o   -c "/home/kyan/Ember Library/Ember satellite projects/wreathe-file-manager/cmake-2017jan12/CMakeFiles/feature_tests.c"
Linking C executable cmTC_15e2c
/usr/bin/cmake -E cmake_link_script CMakeFiles/cmTC_15e2c.dir/link.txt --verbose=1
/usr/bin/cc      -rdynamic CMakeFiles/cmTC_15e2c.dir/feature_tests.c.o  -o cmTC_15e2c 
gmake[1]: Leaving directory '/library/Ember satellite projects/wreathe-file-manager/cmake-2017jan12/CMakeFiles/CMakeTmp'


    Feature record: C_FEATURE:1c_function_prototypes
    Feature record: C_FEATURE:0c_restrict
    Feature record: C_FEATURE:0c_static_assert
    Feature record: C_FEATURE:0c_variadic_macros
Determining if the CXX compiler works passed with the following output:
Change Dir: /home/kyan/Ember Library/Ember satellite projects/wreathe-file-manager/cmake-2017jan12/CMakeFiles/CMakeTmp

Run Build Command:"/usr/bin/gmake" "cmTC_13187/fast"
/usr/bin/gmake -f CMakeFiles/cmTC_13187.dir/build.make CMakeFiles/cmTC_13187.dir/build
gmake[1]: Entering directory '/library/Ember satellite projects/wreathe-file-manager/cmake-2017jan12/CMakeFiles/CMakeTmp'
Building CXX object CMakeFiles/cmTC_13187.dir/testCXXCompiler.cxx.o
/usr/bin/c++     -o CMakeFiles/cmTC_13187.dir/testCXXCompiler.cxx.o -c "/home/kyan/Ember Library/Ember satellite projects/wreathe-file-manager/cmake-2017jan12/CMakeFiles/CMakeTmp/testCXXCompiler.cxx"
Linking CXX executable cmTC_13187
/usr/bin/cmake -E cmake_link_script CMakeFiles/cmTC_13187.dir/link.txt --verbose=1
/usr/bin/c++       -rdynamic CMakeFiles/cmTC_13187.dir/testCXXCompiler.cxx.o  -o cmTC_13187 
gmake[1]: Leaving directory '/library/Ember satellite projects/wreathe-file-manager/cmake-2017jan12/CMakeFiles/CMakeTmp'


Detecting CXX compiler ABI info compiled with the following output:
Change Dir: /home/kyan/Ember Library/Ember satellite projects/wreathe-file-manager/cmake-2017jan12/CMakeFiles/CMakeTmp

Run Build Command:"/usr/bin/gmake" "cmTC_5f0b8/fast"
/usr/bin/gmake -f CMakeFiles/cmTC_5f0b8.dir/build.make CMakeFiles/cmTC_5f0b8.dir/build
gmake[1]: Entering directory '/library/Ember satellite projects/wreathe-file-manager/cmake-2017jan12/CMakeFiles/CMakeTmp'
Building CXX object CMakeFiles/cmTC_5f0b8.dir/CMakeCXXCompilerABI.cpp.o
/usr/bin/c++     -o CMakeFiles/cmTC_5f0b8.dir/CMakeCXXCompilerABI.cpp.o -c /usr/share/cmake/Modules/CMakeCXXCompilerABI.cpp
Linking CXX executable cmTC_5f0b8
/usr/bin/cmake -E cmake_link_script CMakeFiles/cmTC_5f0b8.dir/link.txt --verbose=1
/usr/bin/c++      -v -rdynamic CMakeFiles/cmTC_5f0b8.dir/CMakeCXXCompilerABI.cpp.o  -o cmTC_5f0b8 
Using built-in specs.
COLLECT_GCC=/usr/x86_64-pc-linux-gnu/gcc-bin/4.9.4/c++
COLLECT_LTO_WRAPPER=/usr/libexec/gcc/x86_64-pc-linux-gnu/4.9.4/lto-wrapper
Target: x86_64-pc-linux-gnu
Configured with: /var/tmp/portage/sys-devel/gcc-4.9.4/work/gcc-4.9.4/configure --host=x86_64-pc-linux-gnu --build=x86_64-pc-linux-gnu --prefix=/usr --bindir=/usr/x86_64-pc-linux-gnu/gcc-bin/4.9.4 --includedir=/usr/lib/gcc/x86_64-pc-linux-gnu/4.9.4/include --datadir=/usr/share/gcc-data/x86_64-pc-linux-gnu/4.9.4 --mandir=/usr/share/gcc-data/x86_64-pc-linux-gnu/4.9.4/man --infodir=/usr/share/gcc-data/x86_64-pc-linux-gnu/4.9.4/info --with-gxx-include-dir=/usr/lib/gcc/x86_64-pc-linux-gnu/4.9.4/include/g++-v4 --with-python-dir=/share/gcc-data/x86_64-pc-linux-gnu/4.9.4/python --enable-objc-gc --enable-languages=c,c++,java,go,objc,obj-c++,fortran --enable-obsolete --enable-secureplt --disable-werror --with-system-zlib --enable-nls --without-included-gettext --enable-checking=release --with-bugurl=https://bugs.gentoo.org/ --with-pkgversion='Gentoo 4.9.4 p1.0, pie-0.6.4' --enable-libstdcxx-time --enable-shared --enable-threads=posix --enable-__cxa_atexit --enable-clocale=gnu --enable-multilib --with-multilib-list=m32,m64 --disable-altivec --disable-fixed-point --enable-targets=all --enable-libgomp --disable-libmudflap --disable-libssp --enable-libcilkrts --enable-vtable-verify --enable-libvtv --enable-lto --with-cloog --disable-isl-version-check --enable-libsanitizer
Thread model: posix
gcc version 4.9.4 (Gentoo 4.9.4 p1.0, pie-0.6.4) 
COMPILER_PATH=/usr/libexec/gcc/x86_64-pc-linux-gnu/4.9.4/:/usr/libexec/gcc/x86_64-pc-linux-gnu/4.9.4/:/usr/libexec/gcc/x86_64-pc-linux-gnu/:/usr/lib/gcc/x86_64-pc-linux-gnu/4.9.4/:/usr/lib/gcc/x86_64-pc-linux-gnu/:/usr/lib/gcc/x86_64-pc-linux-gnu/4.9.4/../../../../x86_64-pc-linux-gnu/bin/
LIBRARY_PATH=/usr/lib/gcc/x86_64-pc-linux-gnu/4.9.4/:/usr/lib/gcc/x86_64-pc-linux-gnu/4.9.4/../../../../lib64/:/lib/../lib64/:/usr/lib/../lib64/:/usr/lib/gcc/x86_64-pc-linux-gnu/4.9.4/../../../../x86_64-pc-linux-gnu/lib/:/usr/lib/gcc/x86_64-pc-linux-gnu/4.9.4/../../../:/lib/:/usr/lib/
COLLECT_GCC_OPTIONS='-v' '-rdynamic' '-o' 'cmTC_5f0b8' '-shared-libgcc' '-mtune=generic' '-march=x86-64'
 /usr/libexec/gcc/x86_64-pc-linux-gnu/4.9.4/collect2 -plugin /usr/libexec/gcc/x86_64-pc-linux-gnu/4.9.4/liblto_plugin.so -plugin-opt=/usr/libexec/gcc/x86_64-pc-linux-gnu/4.9.4/lto-wrapper -plugin-opt=-fresolution=/tmp/ccBGtWxR.res -plugin-opt=-pass-through=-lgcc_s -plugin-opt=-pass-through=-lgcc -plugin-opt=-pass-through=-lc -plugin-opt=-pass-through=-lgcc_s -plugin-opt=-pass-through=-lgcc --eh-frame-hdr -m elf_x86_64 -export-dynamic -dynamic-linker /lib64/ld-linux-x86-64.so.2 -o cmTC_5f0b8 /usr/lib/gcc/x86_64-pc-linux-gnu/4.9.4/../../../../lib64/crt1.o /usr/lib/gcc/x86_64-pc-linux-gnu/4.9.4/../../../../lib64/crti.o /usr/lib/gcc/x86_64-pc-linux-gnu/4.9.4/crtbegin.o -L/usr/lib/gcc/x86_64-pc-linux-gnu/4.9.4 -L/usr/lib/gcc/x86_64-pc-linux-gnu/4.9.4/../../../../lib64 -L/lib/../lib64 -L/usr/lib/../lib64 -L/usr/lib/gcc/x86_64-pc-linux-gnu/4.9.4/../../../../x86_64-pc-linux-gnu/lib -L/usr/lib/gcc/x86_64-pc-linux-gnu/4.9.4/../../.. CMakeFiles/cmTC_5f0b8.dir/CMakeCXXCompilerABI.cpp.o -lstdc++ -lm -lgcc_s -lgcc -lc -lgcc_s -lgcc /usr/lib/gcc/x86_64-pc-linux-gnu/4.9.4/crtend.o /usr/lib/gcc/x86_64-pc-linux-gnu/4.9.4/../../../../lib64/crtn.o
gmake[1]: Leaving directory '/library/Ember satellite projects/wreathe-file-manager/cmake-2017jan12/CMakeFiles/CMakeTmp'


Parsed CXX implicit link information from above output:
  link line regex: [^( *|.*[/\])(ld|([^/\]+-)?ld|collect2)[^/\]*( |$)]
  ignore line: [Change Dir: /home/kyan/Ember Library/Ember satellite projects/wreathe-file-manager/cmake-2017jan12/CMakeFiles/CMakeTmp]
  ignore line: []
  ignore line: [Run Build Command:"/usr/bin/gmake" "cmTC_5f0b8/fast"]
  ignore line: [/usr/bin/gmake -f CMakeFiles/cmTC_5f0b8.dir/build.make CMakeFiles/cmTC_5f0b8.dir/build]
  ignore line: [gmake[1]: Entering directory '/library/Ember satellite projects/wreathe-file-manager/cmake-2017jan12/CMakeFiles/CMakeTmp']
  ignore line: [Building CXX object CMakeFiles/cmTC_5f0b8.dir/CMakeCXXCompilerABI.cpp.o]
  ignore line: [/usr/bin/c++     -o CMakeFiles/cmTC_5f0b8.dir/CMakeCXXCompilerABI.cpp.o -c /usr/share/cmake/Modules/CMakeCXXCompilerABI.cpp]
  ignore line: [Linking CXX executable cmTC_5f0b8]
  ignore line: [/usr/bin/cmake -E cmake_link_script CMakeFiles/cmTC_5f0b8.dir/link.txt --verbose=1]
  ignore line: [/usr/bin/c++      -v -rdynamic CMakeFiles/cmTC_5f0b8.dir/CMakeCXXCompilerABI.cpp.o  -o cmTC_5f0b8 ]
  ignore line: [Using built-in specs.]
  ignore line: [COLLECT_GCC=/usr/x86_64-pc-linux-gnu/gcc-bin/4.9.4/c++]
  ignore line: [COLLECT_LTO_WRAPPER=/usr/libexec/gcc/x86_64-pc-linux-gnu/4.9.4/lto-wrapper]
  ignore line: [Target: x86_64-pc-linux-gnu]
  ignore line: [Configured with: /var/tmp/portage/sys-devel/gcc-4.9.4/work/gcc-4.9.4/configure --host=x86_64-pc-linux-gnu --build=x86_64-pc-linux-gnu --prefix=/usr --bindir=/usr/x86_64-pc-linux-gnu/gcc-bin/4.9.4 --includedir=/usr/lib/gcc/x86_64-pc-linux-gnu/4.9.4/include --datadir=/usr/share/gcc-data/x86_64-pc-linux-gnu/4.9.4 --mandir=/usr/share/gcc-data/x86_64-pc-linux-gnu/4.9.4/man --infodir=/usr/share/gcc-data/x86_64-pc-linux-gnu/4.9.4/info --with-gxx-include-dir=/usr/lib/gcc/x86_64-pc-linux-gnu/4.9.4/include/g++-v4 --with-python-dir=/share/gcc-data/x86_64-pc-linux-gnu/4.9.4/python --enable-objc-gc --enable-languages=c,c++,java,go,objc,obj-c++,fortran --enable-obsolete --enable-secureplt --disable-werror --with-system-zlib --enable-nls --without-included-gettext --enable-checking=release --with-bugurl=https://bugs.gentoo.org/ --with-pkgversion='Gentoo 4.9.4 p1.0, pie-0.6.4' --enable-libstdcxx-time --enable-shared --enable-threads=posix --enable-__cxa_atexit --enable-clocale=gnu --enable-multilib --with-multilib-list=m32,m64 --disable-altivec --disable-fixed-point --enable-targets=all --enable-libgomp --disable-libmudflap --disable-libssp --enable-libcilkrts --enable-vtable-verify --enable-libvtv --enable-lto --with-cloog --disable-isl-version-check --enable-libsanitizer]
  ignore line: [Thread model: posix]
  ignore line: [gcc version 4.9.4 (Gentoo 4.9.4 p1.0, pie-0.6.4) ]
  ignore line: [COMPILER_PATH=/usr/libexec/gcc/x86_64-pc-linux-gnu/4.9.4/:/usr/libexec/gcc/x86_64-pc-linux-gnu/4.9.4/:/usr/libexec/gcc/x86_64-pc-linux-gnu/:/usr/lib/gcc/x86_64-pc-linux-gnu/4.9.4/:/usr/lib/gcc/x86_64-pc-linux-gnu/:/usr/lib/gcc/x86_64-pc-linux-gnu/4.9.4/../../../../x86_64-pc-linux-gnu/bin/]
  ignore line: [LIBRARY_PATH=/usr/lib/gcc/x86_64-pc-linux-gnu/4.9.4/:/usr/lib/gcc/x86_64-pc-linux-gnu/4.9.4/../../../../lib64/:/lib/../lib64/:/usr/lib/../lib64/:/usr/lib/gcc/x86_64-pc-linux-gnu/4.9.4/../../../../x86_64-pc-linux-gnu/lib/:/usr/lib/gcc/x86_64-pc-linux-gnu/4.9.4/../../../:/lib/:/usr/lib/]
  ignore line: [COLLECT_GCC_OPTIONS='-v' '-rdynamic' '-o' 'cmTC_5f0b8' '-shared-libgcc' '-mtune=generic' '-march=x86-64']
  link line: [ /usr/libexec/gcc/x86_64-pc-linux-gnu/4.9.4/collect2 -plugin /usr/libexec/gcc/x86_64-pc-linux-gnu/4.9.4/liblto_plugin.so -plugin-opt=/usr/libexec/gcc/x86_64-pc-linux-gnu/4.9.4/lto-wrapper -plugin-opt=-fresolution=/tmp/ccBGtWxR.res -plugin-opt=-pass-through=-lgcc_s -plugin-opt=-pass-through=-lgcc -plugin-opt=-pass-through=-lc -plugin-opt=-pass-through=-lgcc_s -plugin-opt=-pass-through=-lgcc --eh-frame-hdr -m elf_x86_64 -export-dynamic -dynamic-linker /lib64/ld-linux-x86-64.so.2 -o cmTC_5f0b8 /usr/lib/gcc/x86_64-pc-linux-gnu/4.9.4/../../../../lib64/crt1.o /usr/lib/gcc/x86_64-pc-linux-gnu/4.9.4/../../../../lib64/crti.o /usr/lib/gcc/x86_64-pc-linux-gnu/4.9.4/crtbegin.o -L/usr/lib/gcc/x86_64-pc-linux-gnu/4.9.4 -L/usr/lib/gcc/x86_64-pc-linux-gnu/4.9.4/../../../../lib64 -L/lib/../lib64 -L/usr/lib/../lib64 -L/usr/lib/gcc/x86_64-pc-linux-gnu/4.9.4/../../../../x86_64-pc-linux-gnu/lib -L/usr/lib/gcc/x86_64-pc-linux-gnu/4.9.4/../../.. CMakeFiles/cmTC_5f0b8.dir/CMakeCXXCompilerABI.cpp.o -lstdc++ -lm -lgcc_s -lgcc -lc -lgcc_s -lgcc /usr/lib/gcc/x86_64-pc-linux-gnu/4.9.4/crtend.o /usr/lib/gcc/x86_64-pc-linux-gnu/4.9.4/../../../../lib64/crtn.o]
    arg [/usr/libexec/gcc/x86_64-pc-linux-gnu/4.9.4/collect2] ==> ignore
    arg [-plugin] ==> ignore
    arg [/usr/libexec/gcc/x86_64-pc-linux-gnu/4.9.4/liblto_plugin.so] ==> ignore
    arg [-plugin-opt=/usr/libexec/gcc/x86_64-pc-linux-gnu/4.9.4/lto-wrapper] ==> ignore
    arg [-plugin-opt=-fresolution=/tmp/ccBGtWxR.res] ==> ignore
    arg [-plugin-opt=-pass-through=-lgcc_s] ==> ignore
    arg [-plugin-opt=-pass-through=-lgcc] ==> ignore
    arg [-plugin-opt=-pass-through=-lc] ==> ignore
    arg [-plugin-opt=-pass-through=-lgcc_s] ==> ignore
    arg [-plugin-opt=-pass-through=-lgcc] ==> ignore
    arg [--eh-frame-hdr] ==> ignore
    arg [-m] ==> ignore
    arg [elf_x86_64] ==> ignore
    arg [-export-dynamic] ==> ignore
    arg [-dynamic-linker] ==> ignore
    arg [/lib64/ld-linux-x86-64.so.2] ==> ignore
    arg [-o] ==> ignore
    arg [cmTC_5f0b8] ==> ignore
    arg [/usr/lib/gcc/x86_64-pc-linux-gnu/4.9.4/../../../../lib64/crt1.o] ==> ignore
    arg [/usr/lib/gcc/x86_64-pc-linux-gnu/4.9.4/../../../../lib64/crti.o] ==> ignore
    arg [/usr/lib/gcc/x86_64-pc-linux-gnu/4.9.4/crtbegin.o] ==> ignore
    arg [-L/usr/lib/gcc/x86_64-pc-linux-gnu/4.9.4] ==> dir [/usr/lib/gcc/x86_64-pc-linux-gnu/4.9.4]
    arg [-L/usr/lib/gcc/x86_64-pc-linux-gnu/4.9.4/../../../../lib64] ==> dir [/usr/lib/gcc/x86_64-pc-linux-gnu/4.9.4/../../../../lib64]
    arg [-L/lib/../lib64] ==> dir [/lib/../lib64]
    arg [-L/usr/lib/../lib64] ==> dir [/usr/lib/../lib64]
    arg [-L/usr/lib/gcc/x86_64-pc-linux-gnu/4.9.4/../../../../x86_64-pc-linux-gnu/lib] ==> dir [/usr/lib/gcc/x86_64-pc-linux-gnu/4.9.4/../../../../x86_64-pc-linux-gnu/lib]
    arg [-L/usr/lib/gcc/x86_64-pc-linux-gnu/4.9.4/../../..] ==> dir [/usr/lib/gcc/x86_64-pc-linux-gnu/4.9.4/../../..]
    arg [CMakeFiles/cmTC_5f0b8.dir/CMakeCXXCompilerABI.cpp.o] ==> ignore
    arg [-lstdc++] ==> lib [stdc++]
    arg [-lm] ==> lib [m]
    arg [-lgcc_s] ==> lib [gcc_s]
    arg [-lgcc] ==> lib [gcc]
    arg [-lc] ==> lib [c]
    arg [-lgcc_s] ==> lib [gcc_s]
    arg [-lgcc] ==> lib [gcc]
    arg [/usr/lib/gcc/x86_64-pc-linux-gnu/4.9.4/crtend.o] ==> ignore
    arg [/usr/lib/gcc/x86_64-pc-linux-gnu/4.9.4/../../../../lib64/crtn.o] ==> ignore
  remove lib [gcc_s]
  remove lib [gcc]
  remove lib [gcc_s]
  remove lib [gcc]
  collapse library dir [/usr/lib/gcc/x86_64-pc-linux-gnu/4.9.4] ==> [/usr/lib/gcc/x86_64-pc-linux-gnu/4.9.4]
  collapse library dir [/usr/lib/gcc/x86_64-pc-linux-gnu/4.9.4/../../../../lib64] ==> [/usr/lib64]
  collapse library dir [/lib/../lib64] ==> [/lib64]
  collapse library dir [/usr/lib/../lib64] ==> [/usr/lib64]
  collapse library dir [/usr/lib/gcc/x86_64-pc-linux-gnu/4.9.4/../../../../x86_64-pc-linux-gnu/lib] ==> [/usr/x86_64-pc-linux-gnu/lib]
  collapse library dir [/usr/lib/gcc/x86_64-pc-linux-gnu/4.9.4/../../..] ==> [/usr/lib]
  implicit libs: [stdc++;m;c]
  implicit dirs: [/usr/lib/gcc/x86_64-pc-linux-gnu/4.9.4;/usr/lib64;/lib64;/usr/x86_64-pc-linux-gnu/lib;/usr/lib]
  implicit fwks: []




Detecting CXX [-std=c++14] compiler features compiled with the following output:
Change Dir: /home/kyan/Ember Library/Ember satellite projects/wreathe-file-manager/cmake-2017jan12/CMakeFiles/CMakeTmp

Run Build Command:"/usr/bin/gmake" "cmTC_df49a/fast"
/usr/bin/gmake -f CMakeFiles/cmTC_df49a.dir/build.make CMakeFiles/cmTC_df49a.dir/build
gmake[1]: Entering directory '/library/Ember satellite projects/wreathe-file-manager/cmake-2017jan12/CMakeFiles/CMakeTmp'
Building CXX object CMakeFiles/cmTC_df49a.dir/feature_tests.cxx.o
/usr/bin/c++    -std=c++14 -o CMakeFiles/cmTC_df49a.dir/feature_tests.cxx.o -c "/home/kyan/Ember Library/Ember satellite projects/wreathe-file-manager/cmake-2017jan12/CMakeFiles/feature_tests.cxx"
Linking CXX executable cmTC_df49a
/usr/bin/cmake -E cmake_link_script CMakeFiles/cmTC_df49a.dir/link.txt --verbose=1
/usr/bin/c++       -rdynamic CMakeFiles/cmTC_df49a.dir/feature_tests.cxx.o  -o cmTC_df49a 
gmake[1]: Leaving directory '/library/Ember satellite projects/wreathe-file-manager/cmake-2017jan12/CMakeFiles/CMakeTmp'


    Feature record: CXX_FEATURE:0cxx_aggregate_default_initializers
    Feature record: CXX_FEATURE:1cxx_alias_templates
    Feature record: CXX_FEATURE:1cxx_alignas
    Feature record: CXX_FEATURE:1cxx_alignof
    Feature record: CXX_FEATURE:1cxx_attributes
    Feature record: CXX_FEATURE:1cxx_attribute_deprecated
    Feature record: CXX_FEATURE:1cxx_auto_type
    Feature record: CXX_FEATURE:1cxx_binary_literals
    Feature record: CXX_FEATURE:1cxx_constexpr
    Feature record: CXX_FEATURE:1cxx_contextual_conversions
    Feature record: CXX_FEATURE:1cxx_decltype
    Feature record: CXX_FEATURE:1cxx_decltype_auto
    Feature record: CXX_FEATURE:1cxx_decltype_incomplete_return_types
    Feature record: CXX_FEATURE:1cxx_default_function_template_args
    Feature record: CXX_FEATURE:1cxx_defaulted_functions
    Feature record: CXX_FEATURE:1cxx_defaulted_move_initializers
    Feature record: CXX_FEATURE:1cxx_delegating_constructors
    Feature record: CXX_FEATURE:1cxx_deleted_functions
    Feature record: CXX_FEATURE:1cxx_digit_separators
    Feature record: CXX_FEATURE:1cxx_enum_forward_declarations
    Feature record: CXX_FEATURE:1cxx_explicit_conversions
    Feature record: CXX_FEATURE:1cxx_extended_friend_declarations
    Feature record: CXX_FEATURE:1cxx_extern_templates
    Feature record: CXX_FEATURE:1cxx_final
    Feature record: CXX_FEATURE:1cxx_func_identifier
    Feature record: CXX_FEATURE:1cxx_generalized_initializers
    Feature record: CXX_FEATURE:1cxx_generic_lambdas
    Feature record: CXX_FEATURE:1cxx_inheriting_constructors
    Feature record: CXX_FEATURE:1cxx_inline_namespaces
    Feature record: CXX_FEATURE:1cxx_lambdas
    Feature record: CXX_FEATURE:1cxx_lambda_init_captures
    Feature record: CXX_FEATURE:1cxx_local_type_template_args
    Feature record: CXX_FEATURE:1cxx_long_long_type
    Feature record: CXX_FEATURE:1cxx_noexcept
    Feature record: CXX_FEATURE:1cxx_nonstatic_member_init
    Feature record: CXX_FEATURE:1cxx_nullptr
    Feature record: CXX_FEATURE:1cxx_override
    Feature record: CXX_FEATURE:1cxx_range_for
    Feature record: CXX_FEATURE:1cxx_raw_string_literals
    Feature record: CXX_FEATURE:1cxx_reference_qualified_functions
    Feature record: CXX_FEATURE:0cxx_relaxed_constexpr
    Feature record: CXX_FEATURE:1cxx_return_type_deduction
    Feature record: CXX_FEATURE:1cxx_right_angle_brackets
    Feature record: CXX_FEATURE:1cxx_rvalue_references
    Feature record: CXX_FEATURE:1cxx_sizeof_member
    Feature record: CXX_FEATURE:1cxx_static_assert
    Feature record: CXX_FEATURE:1cxx_strong_enums
    Feature record: CXX_FEATURE:1cxx_template_template_parameters
    Feature record: CXX_FEATURE:1cxx_thread_local
    Feature record: CXX_FEATURE:1cxx_trailing_return_types
    Feature record: CXX_FEATURE:1cxx_unicode_literals
    Feature record: CXX_FEATURE:1cxx_uniform_initialization
    Feature record: CXX_FEATURE:1cxx_unrestricted_unions
    Feature record: CXX_FEATURE:1cxx_user_literals
    Feature record: CXX_FEATURE:0cxx_variable_templates
    Feature record: CXX_FEATURE:1cxx_variadic_macros
    Feature record: CXX_FEATURE:1cxx_variadic_templates


Detecting CXX [-std=c++11] compiler features compiled with the following output:
Change Dir: /home/kyan/Ember Library/Ember satellite projects/wreathe-file-manager/cmake-2017jan12/CMakeFiles/CMakeTmp

Run Build Command:"/usr/bin/gmake" "cmTC_0cfb5/fast"
/usr/bin/gmake -f CMakeFiles/cmTC_0cfb5.dir/build.make CMakeFiles/cmTC_0cfb5.dir/build
gmake[1]: Entering directory '/library/Ember satellite projects/wreathe-file-manager/cmake-2017jan12/CMakeFiles/CMakeTmp'
Building CXX object CMakeFiles/cmTC_0cfb5.dir/feature_tests.cxx.o
/usr/bin/c++    -std=c++11 -o CMakeFiles/cmTC_0cfb5.dir/feature_tests.cxx.o -c "/home/kyan/Ember Library/Ember satellite projects/wreathe-file-manager/cmake-2017jan12/CMakeFiles/feature_tests.cxx"
Linking CXX executable cmTC_0cfb5
/usr/bin/cmake -E cmake_link_script CMakeFiles/cmTC_0cfb5.dir/link.txt --verbose=1
/usr/bin/c++       -rdynamic CMakeFiles/cmTC_0cfb5.dir/feature_tests.cxx.o  -o cmTC_0cfb5 
gmake[1]: Leaving directory '/library/Ember satellite projects/wreathe-file-manager/cmake-2017jan12/CMakeFiles/CMakeTmp'


    Feature record: CXX_FEATURE:0cxx_aggregate_default_initializers
    Feature record: CXX_FEATURE:1cxx_alias_templates
    Feature record: CXX_FEATURE:1cxx_alignas
    Feature record: CXX_FEATURE:1cxx_alignof
    Feature record: CXX_FEATURE:1cxx_attributes
    Feature record: CXX_FEATURE:0cxx_attribute_deprecated
    Feature record: CXX_FEATURE:1cxx_auto_type
    Feature record: CXX_FEATURE:0cxx_binary_literals
    Feature record: CXX_FEATURE:1cxx_constexpr
    Feature record: CXX_FEATURE:0cxx_contextual_conversions
    Feature record: CXX_FEATURE:1cxx_decltype
    Feature record: CXX_FEATURE:0cxx_decltype_auto
    Feature record: CXX_FEATURE:1cxx_decltype_incomplete_return_types
    Feature record: CXX_FEATURE:1cxx_default_function_template_args
    Feature record: CXX_FEATURE:1cxx_defaulted_functions
    Feature record: CXX_FEATURE:1cxx_defaulted_move_initializers
    Feature record: CXX_FEATURE:1cxx_delegating_constructors
    Feature record: CXX_FEATURE:1cxx_deleted_functions
    Feature record: CXX_FEATURE:0cxx_digit_separators
    Feature record: CXX_FEATURE:1cxx_enum_forward_declarations
    Feature record: CXX_FEATURE:1cxx_explicit_conversions
    Feature record: CXX_FEATURE:1cxx_extended_friend_declarations
    Feature record: CXX_FEATURE:1cxx_extern_templates
    Feature record: CXX_FEATURE:1cxx_final
    Feature record: CXX_FEATURE:1cxx_func_identifier
    Feature record: CXX_FEATURE:1cxx_generalized_initializers
    Feature record: CXX_FEATURE:0cxx_generic_lambdas
    Feature record: CXX_FEATURE:1cxx_inheriting_constructors
    Feature record: CXX_FEATURE:1cxx_inline_namespaces
    Feature record: CXX_FEATURE:1cxx_lambdas
    Feature record: CXX_FEATURE:0cxx_lambda_init_captures
    Feature record: CXX_FEATURE:1cxx_local_type_template_args
    Feature record: CXX_FEATURE:1cxx_long_long_type
    Feature record: CXX_FEATURE:1cxx_noexcept
    Feature record: CXX_FEATURE:1cxx_nonstatic_member_init
    Feature record: CXX_FEATURE:1cxx_nullptr
    Feature record: CXX_FEATURE:1cxx_override
    Feature record: CXX_FEATURE:1cxx_range_for
    Feature record: CXX_FEATURE:1cxx_raw_string_literals
    Feature record: CXX_FEATURE:1cxx_reference_qualified_functions
    Feature record: CXX_FEATURE:0cxx_relaxed_constexpr
    Feature record: CXX_FEATURE:0cxx_return_type_deduction
    Feature record: CXX_FEATURE:1cxx_right_angle_brackets
    Feature record: CXX_FEATURE:1cxx_rvalue_references
    Feature record: CXX_FEATURE:1cxx_sizeof_member
    Feature record: CXX_FEATURE:1cxx_static_assert
    Feature record: CXX_FEATURE:1cxx_strong_enums
    Feature record: CXX_FEATURE:1cxx_template_template_parameters
    Feature record: CXX_FEATURE:1cxx_thread_local
    Feature record: CXX_FEATURE:1cxx_trailing_return_types
    Feature record: CXX_FEATURE:1cxx_unicode_literals
    Feature record: CXX_FEATURE:1cxx_uniform_initialization
    Feature record: CXX_FEATURE:1cxx_unrestricted_unions
    Feature record: CXX_FEATURE:1cxx_user_literals
    Feature record: CXX_FEATURE:0cxx_variable_templates
    Feature record: CXX_FEATURE:1cxx_variadic_macros
    Feature record: CXX_FEATURE:1cxx_variadic_templates


Detecting CXX [-std=c++98] compiler features compiled with the following output:
Change Dir: /home/kyan/Ember Library/Ember satellite projects/wreathe-file-manager/cmake-2017jan12/CMakeFiles/CMakeTmp

Run Build Command:"/usr/bin/gmake" "cmTC_d6670/fast"
/usr/bin/gmake -f CMakeFiles/cmTC_d6670.dir/build.make CMakeFiles/cmTC_d6670.dir/build
gmake[1]: Entering directory '/library/Ember satellite projects/wreathe-file-manager/cmake-2017jan12/CMakeFiles/CMakeTmp'
Building CXX object CMakeFiles/cmTC_d6670.dir/feature_tests.cxx.o
/usr/bin/c++    -std=c++98 -o CMakeFiles/cmTC_d6670.dir/feature_tests.cxx.o -c "/home/kyan/Ember Library/Ember satellite projects/wreathe-file-manager/cmake-2017jan12/CMakeFiles/feature_tests.cxx"
Linking CXX executable cmTC_d6670
/usr/bin/cmake -E cmake_link_script CMakeFiles/cmTC_d6670.dir/link.txt --verbose=1
/usr/bin/c++       -rdynamic CMakeFiles/cmTC_d6670.dir/feature_tests.cxx.o  -o cmTC_d6670 
gmake[1]: Leaving directory '/library/Ember satellite projects/wreathe-file-manager/cmake-2017jan12/CMakeFiles/CMakeTmp'


    Feature record: CXX_FEATURE:0cxx_aggregate_default_initializers
    Feature record: CXX_FEATURE:0cxx_alias_templates
    Feature record: CXX_FEATURE:0cxx_alignas
    Feature record: CXX_FEATURE:0cxx_alignof
    Feature record: CXX_FEATURE:0cxx_attributes
    Feature record: CXX_FEATURE:0cxx_attribute_deprecated
    Feature record: CXX_FEATURE:0cxx_auto_type
    Feature record: CXX_FEATURE:0cxx_binary_literals
    Feature record: CXX_FEATURE:0cxx_constexpr
    Feature record: CXX_FEATURE:0cxx_contextual_conversions
    Feature record: CXX_FEATURE:0cxx_decltype
    Feature record: CXX_FEATURE:0cxx_decltype_auto
    Feature record: CXX_FEATURE:0cxx_decltype_incomplete_return_types
    Feature record: CXX_FEATURE:0cxx_default_function_template_args
    Feature record: CXX_FEATURE:0cxx_defaulted_functions
    Feature record: CXX_FEATURE:0cxx_defaulted_move_initializers
    Feature record: CXX_FEATURE:0cxx_delegating_constructors
    Feature record: CXX_FEATURE:0cxx_deleted_functions
    Feature record: CXX_FEATURE:0cxx_digit_separators
    Feature record: CXX_FEATURE:0cxx_enum_forward_declarations
    Feature record: CXX_FEATURE:0cxx_explicit_conversions
    Feature record: CXX_FEATURE:0cxx_extended_friend_declarations
    Feature record: CXX_FEATURE:0cxx_extern_templates
    Feature record: CXX_FEATURE:0cxx_final
    Feature record: CXX_FEATURE:0cxx_func_identifier
    Feature record: CXX_FEATURE:0cxx_generalized_initializers
    Feature record: CXX_FEATURE:0cxx_generic_lambdas
    Feature record: CXX_FEATURE:0cxx_inheriting_constructors
    Feature record: CXX_FEATURE:0cxx_inline_namespaces
    Feature record: CXX_FEATURE:0cxx_lambdas
    Feature record: CXX_FEATURE:0cxx_lambda_init_captures
    Feature record: CXX_FEATURE:0cxx_local_type_template_args
    Feature record: CXX_FEATURE:0cxx_long_long_type
    Feature record: CXX_FEATURE:0cxx_noexcept
    Feature record: CXX_FEATURE:0cxx_nonstatic_member_init
    Feature record: CXX_FEATURE:0cxx_nullptr
    Feature record: CXX_FEATURE:0cxx_override
    Feature record: CXX_FEATURE:0cxx_range_for
    Feature record: CXX_FEATURE:0cxx_raw_string_literals
    Feature record: CXX_FEATURE:0cxx_reference_qualified_functions
    Feature record: CXX_FEATURE:0cxx_relaxed_constexpr
    Feature record: CXX_FEATURE:0cxx_return_type_deduction
    Feature record: CXX_FEATURE:0cxx_right_angle_brackets
    Feature record: CXX_FEATURE:0cxx_rvalue_references
    Feature record: CXX_FEATURE:0cxx_sizeof_member
    Feature record: CXX_FEATURE:0cxx_static_assert
    Feature record: CXX_FEATURE:0cxx_strong_enums
    Feature record: CXX_FEATURE:1cxx_template_template_parameters
    Feature record: CXX_FEATURE:0cxx_thread_local
    Feature record: CXX_FEATURE:0cxx_trailing_return_types
    Feature record: CXX_FEATURE:0cxx_unicode_literals
    Feature record: CXX_FEATURE:0cxx_uniform_initialization
    Feature record: CXX_FEATURE:0cxx_unrestricted_unions
    Feature record: CXX_FEATURE:0cxx_user_literals
    Feature record: CXX_FEATURE:0cxx_variable_templates
    Feature record: CXX_FEATURE:0cxx_variadic_macros
    Feature record: CXX_FEATURE:0cxx_variadic_templates
Determining if the __GLIBC__ exist passed with the following output:
Change Dir: /home/kyan/Ember Library/Ember satellite projects/wreathe-file-manager/cmake-2017jan12/CMakeFiles/CMakeTmp

Run Build Command:"/usr/bin/gmake" "cmTC_97e36/fast"
/usr/bin/gmake -f CMakeFiles/cmTC_97e36.dir/build.make CMakeFiles/cmTC_97e36.dir/build
gmake[1]: Entering directory '/library/Ember satellite projects/wreathe-file-manager/cmake-2017jan12/CMakeFiles/CMakeTmp'
Building C object CMakeFiles/cmTC_97e36.dir/CheckSymbolExists.c.o
/usr/bin/cc    -o CMakeFiles/cmTC_97e36.dir/CheckSymbolExists.c.o   -c "/home/kyan/Ember Library/Ember satellite projects/wreathe-file-manager/cmake-2017jan12/CMakeFiles/CMakeTmp/CheckSymbolExists.c"
Linking C executable cmTC_97e36
/usr/bin/cmake -E cmake_link_script CMakeFiles/cmTC_97e36.dir/link.txt --verbose=1
/usr/bin/cc      -rdynamic CMakeFiles/cmTC_97e36.dir/CheckSymbolExists.c.o  -o cmTC_97e36 
gmake[1]: Leaving directory '/library/Ember satellite projects/wreathe-file-manager/cmake-2017jan12/CMakeFiles/CMakeTmp'

File /home/kyan/Ember Library/Ember satellite projects/wreathe-file-manager/cmake-2017jan12/CMakeFiles/CMakeTmp/CheckSymbolExists.c:
/* */
#include <stdlib.h>

int main(int argc, char** argv)
{
  (void)argv;
#ifndef __GLIBC__
  return ((int*)(&__GLIBC__))[argc];
#else
  (void)argc;
  return 0;
#endif
}

Performing C++ SOURCE FILE Test _OFFT_IS_64BIT succeeded with the following output:
Change Dir: /home/kyan/Ember Library/Ember satellite projects/wreathe-file-manager/cmake-2017jan12/CMakeFiles/CMakeTmp

Run Build Command:"/usr/bin/gmake" "cmTC_6b474/fast"
/usr/bin/gmake -f CMakeFiles/cmTC_6b474.dir/build.make CMakeFiles/cmTC_6b474.dir/build
gmake[1]: Entering directory '/library/Ember satellite projects/wreathe-file-manager/cmake-2017jan12/CMakeFiles/CMakeTmp'
Building CXX object CMakeFiles/cmTC_6b474.dir/src.cxx.o
/usr/bin/c++  -D_GNU_SOURCE -D_LARGEFILE64_SOURCE  -D_OFFT_IS_64BIT   -o CMakeFiles/cmTC_6b474.dir/src.cxx.o -c "/home/kyan/Ember Library/Ember satellite projects/wreathe-file-manager/cmake-2017jan12/CMakeFiles/CMakeTmp/src.cxx"
Linking CXX executable cmTC_6b474
/usr/bin/cmake -E cmake_link_script CMakeFiles/cmTC_6b474.dir/link.txt --verbose=1
/usr/bin/c++   -D_OFFT_IS_64BIT    -rdynamic CMakeFiles/cmTC_6b474.dir/src.cxx.o  -o cmTC_6b474 
gmake[1]: Leaving directory '/library/Ember satellite projects/wreathe-file-manager/cmake-2017jan12/CMakeFiles/CMakeTmp'

Source file was:

#include <sys/types.h>
 /* Check that off_t can represent 2**63 - 1 correctly.
    We can't simply define LARGE_OFF_T to be 9223372036854775807,
    since some C++ compilers masquerading as C compilers
    incorrectly reject 9223372036854775807.  */
#define LARGE_OFF_T (((off_t) 1 << 62) - 1 + ((off_t) 1 << 62))
  int off_t_is_large[(LARGE_OFF_T % 2147483629 == 721 && LARGE_OFF_T % 2147483647 == 1) ? 1 : -1];
  int main() { return 0; }

Performing C++ SOURCE FILE Test COMPILER_HAS_HIDDEN_VISIBILITY succeeded with the following output:
Change Dir: /home/kyan/Ember Library/Ember satellite projects/wreathe-file-manager/cmake-2017jan12/CMakeFiles/CMakeTmp

Run Build Command:"/usr/bin/gmake" "cmTC_2306c/fast"
/usr/bin/gmake -f CMakeFiles/cmTC_2306c.dir/build.make CMakeFiles/cmTC_2306c.dir/build
gmake[1]: Entering directory '/library/Ember satellite projects/wreathe-file-manager/cmake-2017jan12/CMakeFiles/CMakeTmp'
Building CXX object CMakeFiles/cmTC_2306c.dir/src.cxx.o
/usr/bin/c++    -std=c++0x -fno-operator-names -fno-exceptions -Wall -Wextra -Wcast-align -Wchar-subscripts -Wformat-security -Wno-long-long -Wpointer-arith -Wundef -Wnon-virtual-dtor -Woverloaded-virtual -Werror=return-type -Wvla -pedantic -DCOMPILER_HAS_HIDDEN_VISIBILITY   -fvisibility=hidden -o CMakeFiles/cmTC_2306c.dir/src.cxx.o -c "/home/kyan/Ember Library/Ember satellite projects/wreathe-file-manager/cmake-2017jan12/CMakeFiles/CMakeTmp/src.cxx"
Linking CXX executable cmTC_2306c
/usr/bin/cmake -E cmake_link_script CMakeFiles/cmTC_2306c.dir/link.txt --verbose=1
/usr/bin/c++   -std=c++0x -fno-operator-names -fno-exceptions -Wall -Wextra -Wcast-align -Wchar-subscripts -Wformat-security -Wno-long-long -Wpointer-arith -Wundef -Wnon-virtual-dtor -Woverloaded-virtual -Werror=return-type -Wvla -pedantic -DCOMPILER_HAS_HIDDEN_VISIBILITY    -rdynamic CMakeFiles/cmTC_2306c.dir/src.cxx.o  -o cmTC_2306c 
gmake[1]: Leaving directory '/library/Ember satellite projects/wreathe-file-manager/cmake-2017jan12/CMakeFiles/CMakeTmp'

Source file was:
int main() { return 0; }
Performing C++ SOURCE FILE Test COMPILER_HAS_HIDDEN_INLINE_VISIBILITY succeeded with the following output:
Change Dir: /home/kyan/Ember Library/Ember satellite projects/wreathe-file-manager/cmake-2017jan12/CMakeFiles/CMakeTmp

Run Build Command:"/usr/bin/gmake" "cmTC_fd237/fast"
/usr/bin/gmake -f CMakeFiles/cmTC_fd237.dir/build.make CMakeFiles/cmTC_fd237.dir/build
gmake[1]: Entering directory '/library/Ember satellite projects/wreathe-file-manager/cmake-2017jan12/CMakeFiles/CMakeTmp'
Building CXX object CMakeFiles/cmTC_fd237.dir/src.cxx.o
/usr/bin/c++    -std=c++0x -fno-operator-names -fno-exceptions -Wall -Wextra -Wcast-align -Wchar-subscripts -Wformat-security -Wno-long-long -Wpointer-arith -Wundef -Wnon-virtual-dtor -Woverloaded-virtual -Werror=return-type -Wvla -pedantic -DCOMPILER_HAS_HIDDEN_INLINE_VISIBILITY   -fvisibility-inlines-hidden -o CMakeFiles/cmTC_fd237.dir/src.cxx.o -c "/home/kyan/Ember Library/Ember satellite projects/wreathe-file-manager/cmake-2017jan12/CMakeFiles/CMakeTmp/src.cxx"
Linking CXX executable cmTC_fd237
/usr/bin/cmake -E cmake_link_script CMakeFiles/cmTC_fd237.dir/link.txt --verbose=1
/usr/bin/c++   -std=c++0x -fno-operator-names -fno-exceptions -Wall -Wextra -Wcast-align -Wchar-subscripts -Wformat-security -Wno-long-long -Wpointer-arith -Wundef -Wnon-virtual-dtor -Woverloaded-virtual -Werror=return-type -Wvla -pedantic -DCOMPILER_HAS_HIDDEN_INLINE_VISIBILITY    -rdynamic CMakeFiles/cmTC_fd237.dir/src.cxx.o  -o cmTC_fd237 
gmake[1]: Leaving directory '/library/Ember satellite projects/wreathe-file-manager/cmake-2017jan12/CMakeFiles/CMakeTmp'

Source file was:
int main() { return 0; }
Performing C++ SOURCE FILE Test COMPILER_HAS_DEPRECATED_ATTR succeeded with the following output:
Change Dir: /home/kyan/Ember Library/Ember satellite projects/wreathe-file-manager/cmake-2017jan12/CMakeFiles/CMakeTmp

Run Build Command:"/usr/bin/gmake" "cmTC_7a0c5/fast"
/usr/bin/gmake -f CMakeFiles/cmTC_7a0c5.dir/build.make CMakeFiles/cmTC_7a0c5.dir/build
gmake[1]: Entering directory '/library/Ember satellite projects/wreathe-file-manager/cmake-2017jan12/CMakeFiles/CMakeTmp'
Building CXX object CMakeFiles/cmTC_7a0c5.dir/src.cxx.o
/usr/bin/c++  -D_GNU_SOURCE -D_LARGEFILE64_SOURCE  -std=c++0x -fno-operator-names -fno-exceptions -Wall -Wextra -Wcast-align -Wchar-subscripts -Wformat-security -Wno-long-long -Wpointer-arith -Wundef -Wnon-virtual-dtor -Woverloaded-virtual -Werror=return-type -Wvla -pedantic -DCOMPILER_HAS_DEPRECATED_ATTR   -o CMakeFiles/cmTC_7a0c5.dir/src.cxx.o -c "/home/kyan/Ember Library/Ember satellite projects/wreathe-file-manager/cmake-2017jan12/CMakeFiles/CMakeTmp/src.cxx"
/home/kyan/Ember Library/Ember satellite projects/wreathe-file-manager/cmake-2017jan12/CMakeFiles/CMakeTmp/src.cxx: In function int main():
/home/kyan/Ember Library/Ember satellite projects/wreathe-file-manager/cmake-2017jan12/CMakeFiles/CMakeTmp/src.cxx:2:25: warning: int somefunc() is deprecated (declared at /home/kyan/Ember Library/Ember satellite projects/wreathe-file-manager/cmake-2017jan12/CMakeFiles/CMakeTmp/src.cxx:1) [-Wdeprecated-declarations]
     int main() { return somefunc();}
                         ^
/home/kyan/Ember Library/Ember satellite projects/wreathe-file-manager/cmake-2017jan12/CMakeFiles/CMakeTmp/src.cxx:2:34: warning: int somefunc() is deprecated (declared at /home/kyan/Ember Library/Ember satellite projects/wreathe-file-manager/cmake-2017jan12/CMakeFiles/CMakeTmp/src.cxx:1) [-Wdeprecated-declarations]
     int main() { return somefunc();}
                                  ^
Linking CXX executable cmTC_7a0c5
/usr/bin/cmake -E cmake_link_script CMakeFiles/cmTC_7a0c5.dir/link.txt --verbose=1
/usr/bin/c++   -std=c++0x -fno-operator-names -fno-exceptions -Wall -Wextra -Wcast-align -Wchar-subscripts -Wformat-security -Wno-long-long -Wpointer-arith -Wundef -Wnon-virtual-dtor -Woverloaded-virtual -Werror=return-type -Wvla -pedantic -DCOMPILER_HAS_DEPRECATED_ATTR    -rdynamic CMakeFiles/cmTC_7a0c5.dir/src.cxx.o  -o cmTC_7a0c5 
gmake[1]: Leaving directory '/library/Ember satellite projects/wreathe-file-manager/cmake-2017jan12/CMakeFiles/CMakeTmp'

Source file was:
__attribute__((__deprecated__)) int somefunc() { return 0; }
    int main() { return somefunc();}
